{"numTotalTestSuites":464,"numPassedTestSuites":440,"numFailedTestSuites":24,"numPendingTestSuites":0,"numTotalTests":1354,"numPassedTests":1320,"numFailedTests":31,"numPendingTests":3,"numTodoTests":0,"snapshot":{"added":0,"failure":false,"filesAdded":0,"filesRemoved":0,"filesRemovedList":[],"filesUnmatched":0,"filesUpdated":0,"matched":0,"total":0,"unchecked":0,"uncheckedKeysByFile":[],"unmatched":0,"updated":0,"didUpdate":false},"startTime":1780915627024,"success":false,"testResults":[{"assertionResults":[{"ancestorTitles":["Middleware Route Protection"],"fullName":"Middleware Route Protection allows public routes without authentication","status":"passed","title":"allows public routes without authentication","duration":303.44998199999986,"failureMessages":[],"meta":{}},{"ancestorTitles":["Middleware Route Protection"],"fullName":"Middleware Route Protection redirects unauthenticated users from protected pages","status":"passed","title":"redirects unauthenticated users from protected pages","duration":6.19437999999991,"failureMessages":[],"meta":{}},{"ancestorTitles":["Middleware Route Protection"],"fullName":"Middleware Route Protection returns 401 for unauthenticated protected API routes","status":"passed","title":"returns 401 for unauthenticated protected API routes","duration":21.89111899999989,"failureMessages":[],"meta":{}},{"ancestorTitles":["Middleware Route Protection"],"fullName":"Middleware Route Protection always allows auth routes","status":"passed","title":"always allows auth routes","duration":6.5330379999995785,"failureMessages":[],"meta":{}},{"ancestorTitles":["Middleware Route Protection"],"fullName":"Middleware Route Protection skips middleware for static asset paths","status":"passed","title":"skips middleware for static asset paths","duration":6.240459999999985,"failureMessages":[],"meta":{}},{"ancestorTitles":["Middleware Route Protection"],"fullName":"Middleware Route Protection allows protected routes for authenticated users","status":"passed","title":"allows protected routes for authenticated users","duration":8.62666900000022,"failureMessages":[],"meta":{}},{"ancestorTitles":["Middleware Route Protection"],"fullName":"Middleware Route Protection does not allow production mock-auth bypass","status":"failed","title":"does not allow production mock-auth bypass","duration":9.513492000000042,"failureMessages":["Error: CRITICAL SECURITY ERROR: MOCK_AUTH is not allowed in production. This would disable all authentication. Remove MOCK_AUTH from your environment variables.\n    at /home/soloengine/Github/databricks-sword/src/middleware.ts:15:9\n    at processTicksAndRejections (node:internal/process/task_queues:95:5)\n    at VitestModuleEvaluator._runInlinedModule (file:///home/soloengine/Github/databricks-sword/node_modules/.pnpm/vitest@4.0.18_@types+node@20.19.33_jiti@2.6.1_jsdom@28.0.0_lightningcss@1.30.2_tsx@4.21.0_yaml@2.8.2/node_modules/vitest/dist/module-evaluator.js:196:4)\n    at VitestModuleRunner.directRequest (file:///home/soloengine/Github/databricks-sword/node_modules/.pnpm/vite@7.3.1_@types+node@20.19.33_jiti@2.6.1_lightningcss@1.30.2_tsx@4.21.0_yaml@2.8.2/node_modules/vite/dist/node/module-runner.js:1146:59)\n    at VitestModuleRunner.cachedRequest (file:///home/soloengine/Github/databricks-sword/node_modules/.pnpm/vite@7.3.1_@types+node@20.19.33_jiti@2.6.1_lightningcss@1.30.2_tsx@4.21.0_yaml@2.8.2/node_modules/vite/dist/node/module-runner.js:1053:73)\n    at loadMiddleware (/home/soloengine/Github/databricks-sword/src/__tests__/middleware.test.ts:26:15)\n    at /home/soloengine/Github/databricks-sword/src/__tests__/middleware.test.ts:82:24\n    at file:///home/soloengine/Github/databricks-sword/node_modules/.pnpm/@vitest+runner@4.0.18/node_modules/@vitest/runner/dist/index.js:915:20"],"meta":{}},{"ancestorTitles":["Middleware Route Protection"],"fullName":"Middleware Route Protection allows mock-auth bypass outside production","status":"passed","title":"allows mock-auth bypass outside production","duration":4.675518000000011,"failureMessages":[],"meta":{}}],"startTime":1780915628978,"endTime":1780915629346.6755,"status":"failed","message":"","name":"/home/soloengine/Github/databricks-sword/src/__tests__/middleware.test.ts"},{"assertionResults":[{"ancestorTitles":["app sitemap"],"fullName":"app sitemap includes dynamic mission and challenge pages","status":"passed","title":"includes dynamic mission and challenge pages","duration":171.89285599999994,"failureMessages":[],"meta":{}},{"ancestorTitles":["app sitemap"],"fullName":"app sitemap uses content-derived lastModified for dynamic entries","status":"passed","title":"uses content-derived lastModified for dynamic entries","duration":6.112714999999753,"failureMessages":[],"meta":{}}],"startTime":1780915658020,"endTime":1780915658199.1128,"status":"passed","message":"","name":"/home/soloengine/Github/databricks-sword/src/app/__tests__/sitemap.test.ts"},{"assertionResults":[{"ancestorTitles":["cn"],"fullName":"cn merges class names","status":"passed","title":"merges class names","duration":23.83836799999972,"failureMessages":[],"meta":{}},{"ancestorTitles":["cn"],"fullName":"cn handles conditional classes","status":"passed","title":"handles conditional classes","duration":0.6399539999997614,"failureMessages":[],"meta":{}},{"ancestorTitles":["cn"],"fullName":"cn resolves Tailwind conflicts","status":"passed","title":"resolves Tailwind conflicts","duration":6.038562000000184,"failureMessages":[],"meta":{}},{"ancestorTitles":["cn"],"fullName":"cn handles empty inputs","status":"passed","title":"handles empty inputs","duration":0.7555839999999989,"failureMessages":[],"meta":{}},{"ancestorTitles":["formatDate"],"fullName":"formatDate formats a date string","status":"passed","title":"formats a date string","duration":46.89992500000017,"failureMessages":[],"meta":{}},{"ancestorTitles":["formatDate"],"fullName":"formatDate formats a Date object","status":"passed","title":"formats a Date object","duration":0.884668000000147,"failureMessages":[],"meta":{}},{"ancestorTitles":["calculateReadingTime"],"fullName":"calculateReadingTime returns 1 min for short text","status":"passed","title":"returns 1 min for short text","duration":0.4767690000003313,"failureMessages":[],"meta":{}},{"ancestorTitles":["calculateReadingTime"],"fullName":"calculateReadingTime calculates correct time for longer text","status":"passed","title":"calculates correct time for longer text","duration":0.5775370000001203,"failureMessages":[],"meta":{}},{"ancestorTitles":["slugify"],"fullName":"slugify converts to lowercase kebab-case","status":"passed","title":"converts to lowercase kebab-case","duration":4.560746999999992,"failureMessages":[],"meta":{}},{"ancestorTitles":["slugify"],"fullName":"slugify removes special characters","status":"passed","title":"removes special characters","duration":0.8397039999999834,"failureMessages":[],"meta":{}},{"ancestorTitles":["slugify"],"fullName":"slugify collapses multiple dashes","status":"passed","title":"collapses multiple dashes","duration":0.4521620000000439,"failureMessages":[],"meta":{}}],"startTime":1780915658345,"endTime":1780915658432.4521,"status":"passed","message":"","name":"/home/soloengine/Github/databricks-sword/src/lib/__tests__/utils.test.ts"},{"assertionResults":[{"ancestorTitles":["Blog System","Blog Content Loading"],"fullName":"Blog System Blog Content Loading loads blog post by slug","status":"passed","title":"loads blog post by slug","duration":19.76054299999987,"failureMessages":[],"meta":{}},{"ancestorTitles":["Blog System","Blog Content Loading"],"fullName":"Blog System Blog Content Loading returns null for missing slug","status":"passed","title":"returns null for missing slug","duration":2.2494849999998223,"failureMessages":[],"meta":{}},{"ancestorTitles":["Blog System","Blog Content Loading"],"fullName":"Blog System Blog Content Loading loads all blog posts sorted by date","status":"passed","title":"loads all blog posts sorted by date","duration":3.141241999999693,"failureMessages":[],"meta":{}},{"ancestorTitles":["Blog System","Blog Content Loading"],"fullName":"Blog System Blog Content Loading returns content slugs","status":"passed","title":"returns content slugs","duration":1.197533999999905,"failureMessages":[],"meta":{}}],"startTime":1780915664735,"endTime":1780915664762.1975,"status":"passed","message":"","name":"/home/soloengine/Github/databricks-sword/src/app/blog/__tests__/blog.test.tsx"},{"assertionResults":[{"ancestorTitles":["IntelPage"],"fullName":"IntelPage shows runtime baseline warning when required challenge categories are missing","status":"passed","title":"shows runtime baseline warning when required challenge categories are missing","duration":2156.5203340000003,"failureMessages":[],"meta":{}},{"ancestorTitles":["IntelPage"],"fullName":"IntelPage renders Intel category CTAs with challenge category query for baseline topics","status":"passed","title":"renders Intel category CTAs with challenge category query for baseline topics","duration":1335.0877660000006,"failureMessages":[],"meta":{}}],"startTime":1780915633182,"endTime":1780915636674.0876,"status":"passed","message":"","name":"/home/soloengine/Github/databricks-sword/src/app/intel/__tests__/page.test.tsx"},{"assertionResults":[{"ancestorTitles":["ProfilePageClient"],"fullName":"ProfilePageClient shows Mission Control heading when loaded","status":"passed","title":"shows Mission Control heading when loaded","duration":663.0267290000002,"failureMessages":[],"meta":{}},{"ancestorTitles":["ProfilePageClient"],"fullName":"ProfilePageClient displays XP from sandbox data","status":"passed","title":"displays XP from sandbox data","duration":115.1783830000004,"failureMessages":[],"meta":{}},{"ancestorTitles":["ProfilePageClient"],"fullName":"ProfilePageClient displays streak data from sandbox","status":"passed","title":"displays streak data from sandbox","duration":107.15977500000008,"failureMessages":[],"meta":{}},{"ancestorTitles":["ProfilePageClient"],"fullName":"ProfilePageClient displays completed missions count from sandbox","status":"passed","title":"displays completed missions count from sandbox","duration":329.467764,"failureMessages":[],"meta":{}},{"ancestorTitles":["ProfilePageClient"],"fullName":"ProfilePageClient shows empty state when sandbox has no data","status":"passed","title":"shows empty state when sandbox has no data","duration":29.441006000000016,"failureMessages":[],"meta":{}},{"ancestorTitles":["ProfilePageClient"],"fullName":"ProfilePageClient does not render coupon section","status":"passed","title":"does not render coupon section","duration":31.67999200000031,"failureMessages":[],"meta":{}}],"startTime":1780915653490,"endTime":1780915654767.68,"status":"passed","message":"","name":"/home/soloengine/Github/databricks-sword/src/app/profile/__tests__/ProfilePageClient.test.tsx"},{"assertionResults":[{"ancestorTitles":["ReviewPage — sandbox integration"],"fullName":"ReviewPage — sandbox integration renders overview with sandbox streak data instead of hardcoded values","status":"passed","title":"renders overview with sandbox streak data instead of hardcoded values","duration":165.54071900000008,"failureMessages":[],"meta":{}},{"ancestorTitles":["ReviewPage — sandbox integration"],"fullName":"ReviewPage — sandbox integration shows 0 streak when sandbox is empty","status":"passed","title":"shows 0 streak when sandbox is empty","duration":26.212698000000273,"failureMessages":[],"meta":{}}],"startTime":1780915657833,"endTime":1780915658025.2126,"status":"passed","message":"","name":"/home/soloengine/Github/databricks-sword/src/app/review/__tests__/ReviewPage.test.tsx"},{"assertionResults":[{"ancestorTitles":["SettingsPage"],"fullName":"SettingsPage renders the Databricks Workspace section header","status":"passed","title":"renders the Databricks Workspace section header","duration":1967.9473290000003,"failureMessages":[],"meta":{}},{"ancestorTitles":["SettingsPage"],"fullName":"SettingsPage renders ConnectionForm when user is authenticated and not connected","status":"passed","title":"renders ConnectionForm when user is authenticated and not connected","duration":111.23536200000035,"failureMessages":[],"meta":{}},{"ancestorTitles":["SettingsPage"],"fullName":"SettingsPage renders all settings sections including coupons","status":"passed","title":"renders all settings sections including coupons","duration":390.8262709999999,"failureMessages":[],"meta":{}},{"ancestorTitles":["SettingsPage"],"fullName":"SettingsPage renders coupon redemption UI in settings","status":"passed","title":"renders coupon redemption UI in settings","duration":1268.9144809999998,"failureMessages":[],"meta":{}},{"ancestorTitles":["SettingsPage"],"fullName":"SettingsPage redeems coupon and updates XP in settings","status":"passed","title":"redeems coupon and updates XP in settings","duration":730.1673199999996,"failureMessages":[],"meta":{}},{"ancestorTitles":["SettingsPage"],"fullName":"SettingsPage renders leaderboard toggle and updates preference","status":"passed","title":"renders leaderboard toggle and updates preference","duration":248.3226540000005,"failureMessages":[],"meta":{}},{"ancestorTitles":["SettingsPage"],"fullName":"SettingsPage renders clean up assets button","status":"passed","title":"renders clean up assets button","duration":299.94007599999986,"failureMessages":[],"meta":{}},{"ancestorTitles":["SettingsPage"],"fullName":"SettingsPage does not call cleanup API when confirmation is cancelled","status":"passed","title":"does not call cleanup API when confirmation is cancelled","duration":304.17905299999984,"failureMessages":[],"meta":{}},{"ancestorTitles":["SettingsPage"],"fullName":"SettingsPage shows loading and disables cleanup button during request","status":"passed","title":"shows loading and disables cleanup button during request","duration":744.9218920000003,"failureMessages":[],"meta":{}},{"ancestorTitles":["SettingsPage"],"fullName":"SettingsPage renders success feedback after cleanup succeeds","status":"passed","title":"renders success feedback after cleanup succeeds","duration":408.53255100000024,"failureMessages":[],"meta":{}},{"ancestorTitles":["SettingsPage"],"fullName":"SettingsPage renders partial failure feedback after cleanup returns 409","status":"passed","title":"renders partial failure feedback after cleanup returns 409","duration":332.6462680000004,"failureMessages":[],"meta":{}}],"startTime":1780915629018,"endTime":1780915635826.6462,"status":"passed","message":"","name":"/home/soloengine/Github/databricks-sword/src/app/settings/__tests__/SettingsPage.test.tsx"},{"assertionResults":[{"ancestorTitles":["SignInButton"],"fullName":"SignInButton should render Google sign-in button","status":"passed","title":"should render Google sign-in button","duration":141.28761699999995,"failureMessages":[],"meta":{}},{"ancestorTitles":["SignInButton"],"fullName":"SignInButton should render GitHub sign-in button","status":"passed","title":"should render GitHub sign-in button","duration":19.894796000000042,"failureMessages":[],"meta":{}},{"ancestorTitles":["SignInButton"],"fullName":"SignInButton should have cyberpunk styling","status":"passed","title":"should have cyberpunk styling","duration":19.860547000000224,"failureMessages":[],"meta":{}}],"startTime":1780915656804,"endTime":1780915656984.8606,"status":"passed","message":"","name":"/home/soloengine/Github/databricks-sword/src/components/auth/__tests__/SignInButton.test.tsx"},{"assertionResults":[{"ancestorTitles":["SyncProgressDialog"],"fullName":"SyncProgressDialog renders nothing when open is false","status":"passed","title":"renders nothing when open is false","duration":40.917076000000634,"failureMessages":[],"meta":{}},{"ancestorTitles":["SyncProgressDialog"],"fullName":"SyncProgressDialog renders dialog when open is true","status":"passed","title":"renders dialog when open is true","duration":137.86167099999966,"failureMessages":[],"meta":{}},{"ancestorTitles":["SyncProgressDialog"],"fullName":"SyncProgressDialog displays syncing description","status":"passed","title":"displays syncing description","duration":30.162193000000116,"failureMessages":[],"meta":{}},{"ancestorTitles":["SyncProgressDialog"],"fullName":"SyncProgressDialog has correct dialog role and aria attributes","status":"passed","title":"has correct dialog role and aria attributes","duration":443.46037400000023,"failureMessages":[],"meta":{}},{"ancestorTitles":["SyncProgressDialog"],"fullName":"SyncProgressDialog is non-dismissable (backdrop has no click handler)","status":"passed","title":"is non-dismissable (backdrop has no click handler)","duration":69.57343700000001,"failureMessages":[],"meta":{}}],"startTime":1780915649963,"endTime":1780915650685.5735,"status":"passed","message":"","name":"/home/soloengine/Github/databricks-sword/src/components/auth/__tests__/SyncProgressDialog.test.tsx"},{"assertionResults":[{"ancestorTitles":["ChallengeCard"],"fullName":"ChallengeCard renders the challenge title","status":"passed","title":"renders the challenge title","duration":139.91741500000035,"failureMessages":[],"meta":{}},{"ancestorTitles":["ChallengeCard"],"fullName":"ChallengeCard renders the difficulty badge","status":"passed","title":"renders the difficulty badge","duration":18.6685379999999,"failureMessages":[],"meta":{}},{"ancestorTitles":["ChallengeCard"],"fullName":"ChallengeCard renders the category","status":"passed","title":"renders the category","duration":12.784238000000187,"failureMessages":[],"meta":{}},{"ancestorTitles":["ChallengeCard"],"fullName":"ChallengeCard renders the format tag","status":"passed","title":"renders the format tag","duration":13.8115600000001,"failureMessages":[],"meta":{}},{"ancestorTitles":["ChallengeCard"],"fullName":"ChallengeCard renders the XP reward","status":"passed","title":"renders the XP reward","duration":20.6353509999999,"failureMessages":[],"meta":{}},{"ancestorTitles":["ChallengeCard"],"fullName":"ChallengeCard renders the description","status":"passed","title":"renders the description","duration":9.074573999999757,"failureMessages":[],"meta":{}},{"ancestorTitles":["ChallengeCard"],"fullName":"ChallengeCard calls onClick when clicked","status":"passed","title":"calls onClick when clicked","duration":690.4100320000002,"failureMessages":[],"meta":{}},{"ancestorTitles":["ChallengeCard"],"fullName":"ChallengeCard renders S-rank with accent styling","status":"passed","title":"renders S-rank with accent styling","duration":16.565706999999747,"failureMessages":[],"meta":{}},{"ancestorTitles":["ChallengeCard"],"fullName":"ChallengeCard shows XP reward when completionCount is 0","status":"passed","title":"shows XP reward when completionCount is 0","duration":12.021291999999448,"failureMessages":[],"meta":{}},{"ancestorTitles":["ChallengeCard"],"fullName":"ChallengeCard shows completed indicator and XP maxed when completion reaches cap","status":"passed","title":"shows completed indicator and XP maxed when completion reaches cap","duration":39.09584799999993,"failureMessages":[],"meta":{}},{"ancestorTitles":["ChallengeCard"],"fullName":"ChallengeCard shows XP Maxed when completionCount exceeds max","status":"passed","title":"shows XP Maxed when completionCount exceeds max","duration":45.36546100000032,"failureMessages":[],"meta":{}}],"startTime":1780915648288,"endTime":1780915649307.3655,"status":"passed","message":"","name":"/home/soloengine/Github/databricks-sword/src/components/challenges/__tests__/ChallengeCard.test.tsx"},{"assertionResults":[{"ancestorTitles":["ChallengeFilters"],"fullName":"ChallengeFilters renders three filter dropdowns","status":"passed","title":"renders three filter dropdowns","duration":797.855235,"failureMessages":[],"meta":{}},{"ancestorTitles":["ChallengeFilters"],"fullName":"ChallengeFilters renders difficulty options","status":"passed","title":"renders difficulty options","duration":284.79514500000005,"failureMessages":[],"meta":{}},{"ancestorTitles":["ChallengeFilters"],"fullName":"ChallengeFilters calls onCategoryChange when a category is selected","status":"passed","title":"calls onCategoryChange when a category is selected","duration":168.1745030000002,"failureMessages":[],"meta":{}},{"ancestorTitles":["ChallengeFilters"],"fullName":"ChallengeFilters calls onDifficultyChange when a difficulty is selected","status":"passed","title":"calls onDifficultyChange when a difficulty is selected","duration":150.58940600000005,"failureMessages":[],"meta":{}},{"ancestorTitles":["ChallengeFilters"],"fullName":"ChallengeFilters applies selected category styles","status":"passed","title":"applies selected category styles","duration":104.86020999999982,"failureMessages":[],"meta":{}},{"ancestorTitles":["ChallengeFilters"],"fullName":"ChallengeFilters calls onCategoryChange with null when All Categories is selected","status":"passed","title":"calls onCategoryChange with null when All Categories is selected","duration":99.78709900000013,"failureMessages":[],"meta":{}},{"ancestorTitles":["ChallengeFilters"],"fullName":"ChallengeFilters renders status options","status":"passed","title":"renders status options","duration":193.65354899999966,"failureMessages":[],"meta":{}},{"ancestorTitles":["ChallengeFilters"],"fullName":"ChallengeFilters calls onStatusChange when a status is selected","status":"passed","title":"calls onStatusChange when a status is selected","duration":88.18782499999998,"failureMessages":[],"meta":{}}],"startTime":1780915636167,"endTime":1780915638056.1877,"status":"passed","message":"","name":"/home/soloengine/Github/databricks-sword/src/components/challenges/__tests__/ChallengeFilters.test.tsx"},{"assertionResults":[{"ancestorTitles":["ChallengeGridClient","renders challenges"],"fullName":"ChallengeGridClient renders challenges displays all challenges when no filters applied","status":"passed","title":"displays all challenges when no filters applied","duration":423.86867299999994,"failureMessages":[],"meta":{}},{"ancestorTitles":["ChallengeGridClient","renders challenges"],"fullName":"ChallengeGridClient renders challenges shows challenge count","status":"passed","title":"shows challenge count","duration":136.4565359999997,"failureMessages":[],"meta":{}},{"ancestorTitles":["ChallengeGridClient","renders challenges"],"fullName":"ChallengeGridClient renders challenges shows singular form for 1 challenge","status":"passed","title":"shows singular form for 1 challenge","duration":41.09789600000022,"failureMessages":[],"meta":{}},{"ancestorTitles":["ChallengeGridClient","category filtering"],"fullName":"ChallengeGridClient category filtering filters by category when selected","status":"passed","title":"filters by category when selected","duration":519.7873869999994,"failureMessages":[],"meta":{}},{"ancestorTitles":["ChallengeGridClient","category filtering"],"fullName":"ChallengeGridClient category filtering applies initial category filter from props","status":"passed","title":"applies initial category filter from props","duration":79.55102600000009,"failureMessages":[],"meta":{}},{"ancestorTitles":["ChallengeGridClient","difficulty filtering"],"fullName":"ChallengeGridClient difficulty filtering filters by difficulty when selected","status":"passed","title":"filters by difficulty when selected","duration":226.5754849999994,"failureMessages":[],"meta":{}},{"ancestorTitles":["ChallengeGridClient","navigation"],"fullName":"ChallengeGridClient navigation navigates to challenge page on card click","status":"passed","title":"navigates to challenge page on card click","duration":158.53344099999958,"failureMessages":[],"meta":{}},{"ancestorTitles":["ChallengeGridClient","empty state"],"fullName":"ChallengeGridClient empty state shows empty state when no challenges match filters","status":"passed","title":"shows empty state when no challenges match filters","duration":142.8965129999997,"failureMessages":[],"meta":{}},{"ancestorTitles":["ChallengeGridClient","empty state"],"fullName":"ChallengeGridClient empty state shows clear filters button when no results","status":"passed","title":"shows clear filters button when no results","duration":110.35072800000034,"failureMessages":[],"meta":{}},{"ancestorTitles":["ChallengeGridClient","empty state"],"fullName":"ChallengeGridClient empty state clears filters when Clear Filters button clicked","status":"passed","title":"clears filters when Clear Filters button clicked","duration":167.01328699999976,"failureMessages":[],"meta":{}},{"ancestorTitles":["ChallengeGridClient","empty state"],"fullName":"ChallengeGridClient empty state resets to initial category when clearing filters","status":"passed","title":"resets to initial category when clearing filters","duration":220.11171299999933,"failureMessages":[],"meta":{}},{"ancestorTitles":["ChallengeGridClient","empty challenges array"],"fullName":"ChallengeGridClient empty challenges array handles empty challenges array gracefully","status":"passed","title":"handles empty challenges array gracefully","duration":38.33873700000004,"failureMessages":[],"meta":{}}],"startTime":1780915639854,"endTime":1780915642122.3386,"status":"passed","message":"","name":"/home/soloengine/Github/databricks-sword/src/components/challenges/__tests__/ChallengeGridClient.test.tsx"},{"assertionResults":[{"ancestorTitles":["ChallengePlayer","renders challenge header"],"fullName":"ChallengePlayer renders challenge header displays challenge title and description","status":"passed","title":"displays challenge title and description","duration":152.62055800000007,"failureMessages":[],"meta":{}},{"ancestorTitles":["ChallengePlayer","renders correct format component"],"fullName":"ChallengePlayer renders correct format component renders DragDropChallenge for drag-drop format","status":"passed","title":"renders DragDropChallenge for drag-drop format","duration":19.092675999999756,"failureMessages":[],"meta":{}},{"ancestorTitles":["ChallengePlayer","renders correct format component"],"fullName":"ChallengePlayer renders correct format component renders FillBlankChallenge for fill-blank format","status":"passed","title":"renders FillBlankChallenge for fill-blank format","duration":26.38485499999979,"failureMessages":[],"meta":{}},{"ancestorTitles":["ChallengePlayer","renders correct format component"],"fullName":"ChallengePlayer renders correct format component renders FreeTextChallenge for free-text format","status":"passed","title":"renders FreeTextChallenge for free-text format","duration":22.06887900000038,"failureMessages":[],"meta":{}},{"ancestorTitles":["ChallengePlayer","renders correct format component"],"fullName":"ChallengePlayer renders correct format component shows error for missing drag-drop config","status":"passed","title":"shows error for missing drag-drop config","duration":13.09201800000028,"failureMessages":[],"meta":{}},{"ancestorTitles":["ChallengePlayer","renders correct format component"],"fullName":"ChallengePlayer renders correct format component shows error for missing fill-blank config","status":"passed","title":"shows error for missing fill-blank config","duration":12.019401000000016,"failureMessages":[],"meta":{}},{"ancestorTitles":["ChallengePlayer","renders correct format component"],"fullName":"ChallengePlayer renders correct format component shows error for missing free-text config","status":"passed","title":"shows error for missing free-text config","duration":9.55563200000006,"failureMessages":[],"meta":{}},{"ancestorTitles":["ChallengePlayer","completion flow"],"fullName":"ChallengePlayer completion flow shows completion message after challenge is completed","status":"passed","title":"shows completion message after challenge is completed","duration":77.08362100000022,"failureMessages":[],"meta":{}},{"ancestorTitles":["ChallengePlayer","completion flow"],"fullName":"ChallengePlayer completion flow calls onComplete callback when challenge is completed","status":"passed","title":"calls onComplete callback when challenge is completed","duration":27.805747000000338,"failureMessages":[],"meta":{}},{"ancestorTitles":["ChallengePlayer","completion flow"],"fullName":"ChallengePlayer completion flow shows OptimalSolutionReveal after completion","status":"passed","title":"shows OptimalSolutionReveal after completion","duration":42.10816199999999,"failureMessages":[],"meta":{}},{"ancestorTitles":["ChallengePlayer","completion flow"],"fullName":"ChallengePlayer completion flow hides format component after completion","status":"passed","title":"hides format component after completion","duration":31.532806000000164,"failureMessages":[],"meta":{}},{"ancestorTitles":["ChallengePlayer","completion flow"],"fullName":"ChallengePlayer completion flow displays score after completion","status":"passed","title":"displays score after completion","duration":17.711600999999973,"failureMessages":[],"meta":{}},{"ancestorTitles":["ChallengePlayer","handles unknown format"],"fullName":"ChallengePlayer handles unknown format shows error message for unknown challenge format","status":"passed","title":"shows error message for unknown challenge format","duration":9.967619000000013,"failureMessages":[],"meta":{}}],"startTime":1780915652525,"endTime":1780915652987.9675,"status":"passed","message":"","name":"/home/soloengine/Github/databricks-sword/src/components/challenges/__tests__/ChallengePlayer.test.tsx"},{"assertionResults":[{"ancestorTitles":["DailyForgeClient","initial render"],"fullName":"DailyForgeClient initial render shows loading state initially","status":"passed","title":"shows loading state initially","duration":114.96083100000033,"failureMessages":[],"meta":{}},{"ancestorTitles":["DailyForgeClient","initial render"],"fullName":"DailyForgeClient initial render renders DailyForge component after loading","status":"passed","title":"renders DailyForge component after loading","duration":24.32389400000011,"failureMessages":[],"meta":{}},{"ancestorTitles":["DailyForgeClient","initial render"],"fullName":"DailyForgeClient initial render passes challenge to DailyForge","status":"passed","title":"passes challenge to DailyForge","duration":25.111651000000165,"failureMessages":[],"meta":{}},{"ancestorTitles":["DailyForgeClient","initial render"],"fullName":"DailyForgeClient initial render starts with streak count of 0 when no saved state","status":"passed","title":"starts with streak count of 0 when no saved state","duration":23.993058999999448,"failureMessages":[],"meta":{}},{"ancestorTitles":["DailyForgeClient","initial render"],"fullName":"DailyForgeClient initial render shows completedToday as no when not completed","status":"passed","title":"shows completedToday as no when not completed","duration":20.657839000000422,"failureMessages":[],"meta":{}},{"ancestorTitles":["DailyForgeClient","loads saved state from localStorage"],"fullName":"DailyForgeClient loads saved state from localStorage loads streak count from localStorage","status":"passed","title":"loads streak count from localStorage","duration":26.69094099999984,"failureMessages":[],"meta":{}},{"ancestorTitles":["DailyForgeClient","loads saved state from localStorage"],"fullName":"DailyForgeClient loads saved state from localStorage shows completedToday as yes when completed today","status":"passed","title":"shows completedToday as yes when completed today","duration":33.728008000000045,"failureMessages":[],"meta":{}},{"ancestorTitles":["DailyForgeClient","completion handling"],"fullName":"DailyForgeClient completion handling updates streak count when completing challenge","status":"passed","title":"updates streak count when completing challenge","duration":94.97192199999972,"failureMessages":[],"meta":{}},{"ancestorTitles":["DailyForgeClient","completion handling"],"fullName":"DailyForgeClient completion handling sets completedToday to yes after completion","status":"passed","title":"sets completedToday to yes after completion","duration":42.660305000000335,"failureMessages":[],"meta":{}},{"ancestorTitles":["DailyForgeClient","completion handling"],"fullName":"DailyForgeClient completion handling continues streak when completed yesterday","status":"passed","title":"continues streak when completed yesterday","duration":49.96578200000022,"failureMessages":[],"meta":{}},{"ancestorTitles":["DailyForgeClient","completion handling"],"fullName":"DailyForgeClient completion handling resets streak when missed a day","status":"passed","title":"resets streak when missed a day","duration":36.925349999999526,"failureMessages":[],"meta":{}},{"ancestorTitles":["DailyForgeClient","completion handling"],"fullName":"DailyForgeClient completion handling persists state to localStorage after completion","status":"passed","title":"persists state to localStorage after completion","duration":30.33747400000084,"failureMessages":[],"meta":{}},{"ancestorTitles":["DailyForgeClient","handles localStorage errors"],"fullName":"DailyForgeClient handles localStorage errors handles JSON parse error gracefully","status":"passed","title":"handles JSON parse error gracefully","duration":33.33405099999982,"failureMessages":[],"meta":{}}],"startTime":1780915653449,"endTime":1780915654017.334,"status":"passed","message":"","name":"/home/soloengine/Github/databricks-sword/src/components/challenges/__tests__/DailyForgeClient.test.tsx"},{"assertionResults":[{"ancestorTitles":["OptimalSolutionReveal"],"fullName":"OptimalSolutionReveal does not show the solution initially","status":"passed","title":"does not show the solution initially","duration":111.05448699999988,"failureMessages":[],"meta":{}},{"ancestorTitles":["OptimalSolutionReveal"],"fullName":"OptimalSolutionReveal shows a reveal button","status":"passed","title":"shows a reveal button","duration":527.0528449999997,"failureMessages":[],"meta":{}},{"ancestorTitles":["OptimalSolutionReveal"],"fullName":"OptimalSolutionReveal reveals the solution when button is clicked","status":"passed","title":"reveals the solution when button is clicked","duration":148.11267399999997,"failureMessages":[],"meta":{}},{"ancestorTitles":["OptimalSolutionReveal"],"fullName":"OptimalSolutionReveal shows the explanation after revealing","status":"passed","title":"shows the explanation after revealing","duration":122.80010799999991,"failureMessages":[],"meta":{}}],"startTime":1780915650968,"endTime":1780915651877.8,"status":"passed","message":"","name":"/home/soloengine/Github/databricks-sword/src/components/challenges/__tests__/OptimalSolutionReveal.test.tsx"},{"assertionResults":[{"ancestorTitles":["ConnectionForm"],"fullName":"ConnectionForm renders workspace URL and PAT input fields","status":"passed","title":"renders workspace URL and PAT input fields","duration":143.27840400000014,"failureMessages":[],"meta":{}},{"ancestorTitles":["ConnectionForm"],"fullName":"ConnectionForm renders a connect button","status":"passed","title":"renders a connect button","duration":530.564151,"failureMessages":[],"meta":{}},{"ancestorTitles":["ConnectionForm"],"fullName":"ConnectionForm shows validation error for invalid workspace URL","status":"passed","title":"shows validation error for invalid workspace URL","duration":984.9438089999999,"failureMessages":[],"meta":{}},{"ancestorTitles":["ConnectionForm"],"fullName":"ConnectionForm shows validation error for empty PAT","status":"passed","title":"shows validation error for empty PAT","duration":899.3254889999998,"failureMessages":[],"meta":{}},{"ancestorTitles":["ConnectionForm"],"fullName":"ConnectionForm calls API with workspace URL and PAT on submit","status":"passed","title":"calls API with workspace URL and PAT on submit","duration":1619.8116440000003,"failureMessages":[],"meta":{}},{"ancestorTitles":["ConnectionForm"],"fullName":"ConnectionForm shows loading state while connecting","status":"passed","title":"shows loading state while connecting","duration":720.8783950000006,"failureMessages":[],"meta":{}},{"ancestorTitles":["ConnectionForm"],"fullName":"ConnectionForm calls onConnect callback on successful connection","status":"passed","title":"calls onConnect callback on successful connection","duration":698.1595909999996,"failureMessages":[],"meta":{}},{"ancestorTitles":["ConnectionForm"],"fullName":"ConnectionForm shows error message on API failure","status":"passed","title":"shows error message on API failure","duration":762.5913050000008,"failureMessages":[],"meta":{}},{"ancestorTitles":["ConnectionForm"],"fullName":"ConnectionForm masks the PAT input field","status":"passed","title":"masks the PAT input field","duration":46.114630000000034,"failureMessages":[],"meta":{}},{"ancestorTitles":["ConnectionForm"],"fullName":"ConnectionForm has placeholder text for workspace URL input","status":"passed","title":"has placeholder text for workspace URL input","duration":35.659380000000965,"failureMessages":[],"meta":{}},{"ancestorTitles":["ConnectionForm"],"fullName":"ConnectionForm renders warehouse ID and catalog name fields","status":"passed","title":"renders warehouse ID and catalog name fields","duration":19.487551000000167,"failureMessages":[],"meta":{}},{"ancestorTitles":["ConnectionForm"],"fullName":"ConnectionForm has default value for catalog name","status":"passed","title":"has default value for catalog name","duration":20.760497999999643,"failureMessages":[],"meta":{}},{"ancestorTitles":["ConnectionForm"],"fullName":"ConnectionForm shows validation error for invalid warehouse ID format","status":"passed","title":"shows validation error for invalid warehouse ID format","duration":729.8940469999998,"failureMessages":[],"meta":{}},{"ancestorTitles":["ConnectionForm"],"fullName":"ConnectionForm includes warehouse ID and catalog name in API request","status":"passed","title":"includes warehouse ID and catalog name in API request","duration":880.8362190000007,"failureMessages":[],"meta":{}}],"startTime":1780915629561,"endTime":1780915637653.8362,"status":"passed","message":"","name":"/home/soloengine/Github/databricks-sword/src/components/databricks/__tests__/ConnectionForm.test.tsx"},{"assertionResults":[{"ancestorTitles":["ConnectionStatus"],"fullName":"ConnectionStatus shows loading state initially","status":"passed","title":"shows loading state initially","duration":194.55214399999977,"failureMessages":[],"meta":{}},{"ancestorTitles":["ConnectionStatus"],"fullName":"ConnectionStatus shows disconnected state when no connection exists","status":"passed","title":"shows disconnected state when no connection exists","duration":69.13783200000034,"failureMessages":[],"meta":{}},{"ancestorTitles":["ConnectionStatus"],"fullName":"ConnectionStatus shows connected state with workspace URL","status":"passed","title":"shows connected state with workspace URL","duration":46.620363,"failureMessages":[],"meta":{}},{"ancestorTitles":["ConnectionStatus"],"fullName":"ConnectionStatus displays bundle status when missionSlug is provided","status":"passed","title":"displays bundle status when missionSlug is provided","duration":64.77149799999916,"failureMessages":[],"meta":{}},{"ancestorTitles":["ConnectionStatus"],"fullName":"ConnectionStatus shows not-deployed bundle status","status":"passed","title":"shows not-deployed bundle status","duration":36.71971600000052,"failureMessages":[],"meta":{}},{"ancestorTitles":["ConnectionStatus"],"fullName":"ConnectionStatus shows connection health indicator when validate is true","status":"passed","title":"shows connection health indicator when validate is true","duration":24.025023000000147,"failureMessages":[],"meta":{}},{"ancestorTitles":["ConnectionStatus"],"fullName":"ConnectionStatus shows unhealthy connection state","status":"passed","title":"shows unhealthy connection state","duration":24.47040299999935,"failureMessages":[],"meta":{}},{"ancestorTitles":["ConnectionStatus"],"fullName":"ConnectionStatus provides disconnect button when connected","status":"passed","title":"provides disconnect button when connected","duration":532.8435959999997,"failureMessages":[],"meta":{}},{"ancestorTitles":["ConnectionStatus"],"fullName":"ConnectionStatus calls onDisconnect callback when disconnect button is clicked","status":"passed","title":"calls onDisconnect callback when disconnect button is clicked","duration":234.5774110000002,"failureMessages":[],"meta":{}},{"ancestorTitles":["ConnectionStatus"],"fullName":"ConnectionStatus fetches status on mount with correct URL params","status":"passed","title":"fetches status on mount with correct URL params","duration":17.140081999999893,"failureMessages":[],"meta":{}},{"ancestorTitles":["ConnectionStatus"],"fullName":"ConnectionStatus handles API error gracefully","status":"passed","title":"handles API error gracefully","duration":15.731800000000476,"failureMessages":[],"meta":{}}],"startTime":1780915641988,"endTime":1780915643249.7317,"status":"passed","message":"","name":"/home/soloengine/Github/databricks-sword/src/components/databricks/__tests__/ConnectionStatus.test.tsx"},{"assertionResults":[{"ancestorTitles":["AchievementCard"],"fullName":"AchievementCard displays achievement title and description","status":"passed","title":"displays achievement title and description","duration":114.30864299999985,"failureMessages":[],"meta":{}},{"ancestorTitles":["AchievementCard"],"fullName":"AchievementCard shows achievement icon as an SVG image","status":"passed","title":"shows achievement icon as an SVG image","duration":27.31088099999988,"failureMessages":[],"meta":{}},{"ancestorTitles":["AchievementCard"],"fullName":"AchievementCard displays XP bonus amount","status":"passed","title":"displays XP bonus amount","duration":10.85288300000002,"failureMessages":[],"meta":{}},{"ancestorTitles":["AchievementCard"],"fullName":"AchievementCard shows unlocked state styling","status":"passed","title":"shows unlocked state styling","duration":10.302372000000105,"failureMessages":[],"meta":{}},{"ancestorTitles":["AchievementCard"],"fullName":"AchievementCard shows locked state styling","status":"passed","title":"shows locked state styling","duration":11.974623999999949,"failureMessages":[],"meta":{}},{"ancestorTitles":["AchievementCard"],"fullName":"AchievementCard displays locked overlay for locked achievements","status":"passed","title":"displays locked overlay for locked achievements","duration":12.065762000000177,"failureMessages":[],"meta":{}},{"ancestorTitles":["AchievementCard"],"fullName":"AchievementCard does not show locked overlay for unlocked achievements","status":"passed","title":"does not show locked overlay for unlocked achievements","duration":10.431265000000167,"failureMessages":[],"meta":{}},{"ancestorTitles":["AchievementCard"],"fullName":"AchievementCard shows unlock date when provided","status":"passed","title":"shows unlock date when provided","duration":44.96544100000028,"failureMessages":[],"meta":{}},{"ancestorTitles":["AchievementCard"],"fullName":"AchievementCard does not show unlock date for locked achievements","status":"passed","title":"does not show unlock date for locked achievements","duration":19.367449999999735,"failureMessages":[],"meta":{}},{"ancestorTitles":["AchievementCard"],"fullName":"AchievementCard calls onClick when card is clicked","status":"passed","title":"calls onClick when card is clicked","duration":44.93541800000003,"failureMessages":[],"meta":{}},{"ancestorTitles":["AchievementCard"],"fullName":"AchievementCard applies custom className when provided","status":"passed","title":"applies custom className when provided","duration":12.546462000000247,"failureMessages":[],"meta":{}},{"ancestorTitles":["AchievementCard"],"fullName":"AchievementCard shows progress indicator when provided","status":"passed","title":"shows progress indicator when provided","duration":477.27081000000044,"failureMessages":[],"meta":{}},{"ancestorTitles":["AchievementCard"],"fullName":"AchievementCard does not show progress for unlocked achievements","status":"passed","title":"does not show progress for unlocked achievements","duration":10.83234799999991,"failureMessages":[],"meta":{}},{"ancestorTitles":["AchievementCard"],"fullName":"AchievementCard displays achievement condition hint for locked achievements","status":"passed","title":"displays achievement condition hint for locked achievements","duration":12.166293999999652,"failureMessages":[],"meta":{}},{"ancestorTitles":["AchievementCard"],"fullName":"AchievementCard shows hover effect when clickable","status":"passed","title":"shows hover effect when clickable","duration":7.009070999999494,"failureMessages":[],"meta":{}}],"startTime":1780915648997,"endTime":1780915649824.009,"status":"passed","message":"","name":"/home/soloengine/Github/databricks-sword/src/components/gamification/__tests__/AchievementCard.test.tsx"},{"assertionResults":[{"ancestorTitles":["AchievementGrid"],"fullName":"AchievementGrid renders all provided achievements","status":"passed","title":"renders all provided achievements","duration":206.8024000000005,"failureMessages":[],"meta":{}},{"ancestorTitles":["AchievementGrid"],"fullName":"AchievementGrid shows correct unlocked state for achievements","status":"passed","title":"shows correct unlocked state for achievements","duration":31.864997000000585,"failureMessages":[],"meta":{}},{"ancestorTitles":["AchievementGrid"],"fullName":"AchievementGrid displays progress for achievements with progress data","status":"passed","title":"displays progress for achievements with progress data","duration":521.7071040000001,"failureMessages":[],"meta":{}},{"ancestorTitles":["AchievementGrid"],"fullName":"AchievementGrid applies responsive grid layout","status":"passed","title":"applies responsive grid layout","duration":26.635213999999905,"failureMessages":[],"meta":{}},{"ancestorTitles":["AchievementGrid"],"fullName":"AchievementGrid shows empty state when no achievements provided","status":"passed","title":"shows empty state when no achievements provided","duration":7.890912999999273,"failureMessages":[],"meta":{}},{"ancestorTitles":["AchievementGrid"],"fullName":"AchievementGrid filters achievements by unlocked status","status":"passed","title":"filters achievements by unlocked status","duration":12.776819999999134,"failureMessages":[],"meta":{}},{"ancestorTitles":["AchievementGrid"],"fullName":"AchievementGrid filters achievements by locked status","status":"passed","title":"filters achievements by locked status","duration":45.20087799999965,"failureMessages":[],"meta":{}},{"ancestorTitles":["AchievementGrid"],"fullName":"AchievementGrid shows all achievements when filter is 'all'","status":"passed","title":"shows all achievements when filter is 'all'","duration":68.6019980000001,"failureMessages":[],"meta":{}},{"ancestorTitles":["AchievementGrid"],"fullName":"AchievementGrid calls onAchievementClick when achievement is clicked","status":"passed","title":"calls onAchievementClick when achievement is clicked","duration":38.824405999999726,"failureMessages":[],"meta":{}},{"ancestorTitles":["AchievementGrid"],"fullName":"AchievementGrid applies custom className when provided","status":"passed","title":"applies custom className when provided","duration":40.62750099999994,"failureMessages":[],"meta":{}},{"ancestorTitles":["AchievementGrid"],"fullName":"AchievementGrid shows achievement count summary","status":"passed","title":"shows achievement count summary","duration":38.297066000000086,"failureMessages":[],"meta":{}}],"startTime":1780915647654,"endTime":1780915648694.297,"status":"passed","message":"","name":"/home/soloengine/Github/databricks-sword/src/components/gamification/__tests__/AchievementGrid.test.tsx"},{"assertionResults":[{"ancestorTitles":["AchievementToast"],"fullName":"AchievementToast displays achievement title and description","status":"passed","title":"displays achievement title and description","duration":127.01827500000036,"failureMessages":[],"meta":{}},{"ancestorTitles":["AchievementToast"],"fullName":"AchievementToast shows achievement unlocked label","status":"passed","title":"shows achievement unlocked label","duration":15.57763199999954,"failureMessages":[],"meta":{}},{"ancestorTitles":["AchievementToast"],"fullName":"AchievementToast displays XP bonus amount","status":"passed","title":"displays XP bonus amount","duration":12.119211999999607,"failureMessages":[],"meta":{}},{"ancestorTitles":["AchievementToast"],"fullName":"AchievementToast shows achievement icon as an SVG image","status":"passed","title":"shows achievement icon as an SVG image","duration":23.837282000000414,"failureMessages":[],"meta":{}},{"ancestorTitles":["AchievementToast"],"fullName":"AchievementToast applies slide-in animation when showAnimation is true","status":"passed","title":"applies slide-in animation when showAnimation is true","duration":41.02267000000029,"failureMessages":[],"meta":{}},{"ancestorTitles":["AchievementToast"],"fullName":"AchievementToast does not show animation by default","status":"passed","title":"does not show animation by default","duration":10.571015999999872,"failureMessages":[],"meta":{}},{"ancestorTitles":["AchievementToast"],"fullName":"AchievementToast calls onDismiss when close button is clicked","status":"passed","title":"calls onDismiss when close button is clicked","duration":431.58048300000064,"failureMessages":[],"meta":{}},{"ancestorTitles":["AchievementToast"],"fullName":"AchievementToast auto-dismisses after specified duration","status":"passed","title":"auto-dismisses after specified duration","duration":1035.1477180000002,"failureMessages":[],"meta":{}},{"ancestorTitles":["AchievementToast"],"fullName":"AchievementToast does not auto-dismiss when autoDismiss is not provided","status":"passed","title":"does not auto-dismiss when autoDismiss is not provided","duration":1523.8966650000002,"failureMessages":[],"meta":{}},{"ancestorTitles":["AchievementToast"],"fullName":"AchievementToast positions as fixed toast notification","status":"passed","title":"positions as fixed toast notification","duration":24.249770999999782,"failureMessages":[],"meta":{}},{"ancestorTitles":["AchievementToast"],"fullName":"AchievementToast applies custom className when provided","status":"passed","title":"applies custom className when provided","duration":33.06634099999974,"failureMessages":[],"meta":{}},{"ancestorTitles":["AchievementToast"],"fullName":"AchievementToast shows golden glow effect for achievements","status":"passed","title":"shows golden glow effect for achievements","duration":14.045334999999795,"failureMessages":[],"meta":{}},{"ancestorTitles":["AchievementToast"],"fullName":"AchievementToast displays achievement ID for tracking","status":"passed","title":"displays achievement ID for tracking","duration":8.643114999999852,"failureMessages":[],"meta":{}}],"startTime":1780915635298,"endTime":1780915638599.643,"status":"passed","message":"","name":"/home/soloengine/Github/databricks-sword/src/components/gamification/__tests__/AchievementToast.test.tsx"},{"assertionResults":[{"ancestorTitles":["RankBadge"],"fullName":"RankBadge renders the badge image with correct src and alt text","status":"passed","title":"renders the badge image with correct src and alt text","duration":365.4247770000002,"failureMessages":[],"meta":{}},{"ancestorTitles":["RankBadge"],"fullName":"RankBadge renders the rank title","status":"passed","title":"renders the rank title","duration":22.24007100000017,"failureMessages":[],"meta":{}},{"ancestorTitles":["RankBadge"],"fullName":"RankBadge applies custom size when provided","status":"passed","title":"applies custom size when provided","duration":82.88183899999967,"failureMessages":[],"meta":{}},{"ancestorTitles":["RankBadge"],"fullName":"RankBadge uses default size when no size provided","status":"passed","title":"uses default size when no size provided","duration":50.27654600000005,"failureMessages":[],"meta":{}},{"ancestorTitles":["RankBadge"],"fullName":"RankBadge renders badge with correct src for each rank","status":"passed","title":"renders badge with correct src for each rank","duration":34.42503099999976,"failureMessages":[],"meta":{}},{"ancestorTitles":["RankBadge"],"fullName":"RankBadge shows rank description when showDescription is true","status":"passed","title":"shows rank description when showDescription is true","duration":12.918378999999732,"failureMessages":[],"meta":{}},{"ancestorTitles":["RankBadge"],"fullName":"RankBadge does not show rank description by default","status":"passed","title":"does not show rank description by default","duration":11.929178999999749,"failureMessages":[],"meta":{}},{"ancestorTitles":["RankBadge"],"fullName":"RankBadge applies custom className when provided","status":"passed","title":"applies custom className when provided","duration":8.807141999999658,"failureMessages":[],"meta":{}}],"startTime":1780915647474,"endTime":1780915648063.8071,"status":"passed","message":"","name":"/home/soloengine/Github/databricks-sword/src/components/gamification/__tests__/RankBadge.test.tsx"},{"assertionResults":[{"ancestorTitles":["RankUpCelebration"],"fullName":"RankUpCelebration renders full-screen celebration overlay","status":"passed","title":"renders full-screen celebration overlay","duration":152.51092100000005,"failureMessages":[],"meta":{}},{"ancestorTitles":["RankUpCelebration"],"fullName":"RankUpCelebration displays rank up message with rank names","status":"passed","title":"displays rank up message with rank names","duration":30.406330000000708,"failureMessages":[],"meta":{}},{"ancestorTitles":["RankUpCelebration"],"fullName":"RankUpCelebration shows new rank badge prominently","status":"passed","title":"shows new rank badge prominently","duration":444.5897080000004,"failureMessages":[],"meta":{}},{"ancestorTitles":["RankUpCelebration"],"fullName":"RankUpCelebration displays rank description","status":"passed","title":"displays rank description","duration":17.41975999999977,"failureMessages":[],"meta":{}},{"ancestorTitles":["RankUpCelebration"],"fullName":"RankUpCelebration shows glitch animation effects","status":"passed","title":"shows glitch animation effects","duration":36.626892000000225,"failureMessages":[],"meta":{}},{"ancestorTitles":["RankUpCelebration"],"fullName":"RankUpCelebration does not show animation by default","status":"passed","title":"does not show animation by default","duration":12.144678999999996,"failureMessages":[],"meta":{}},{"ancestorTitles":["RankUpCelebration"],"fullName":"RankUpCelebration calls onDismiss when continue button is clicked","status":"passed","title":"calls onDismiss when continue button is clicked","duration":110.49082100000032,"failureMessages":[],"meta":{}},{"ancestorTitles":["RankUpCelebration"],"fullName":"RankUpCelebration calls onDismiss when backdrop is clicked","status":"passed","title":"calls onDismiss when backdrop is clicked","duration":33.523889000000054,"failureMessages":[],"meta":{}},{"ancestorTitles":["RankUpCelebration"],"fullName":"RankUpCelebration auto-dismisses after specified duration","status":"passed","title":"auto-dismisses after specified duration","duration":1045.9662179999996,"failureMessages":[],"meta":{}},{"ancestorTitles":["RankUpCelebration"],"fullName":"RankUpCelebration does not auto-dismiss when autoDismiss is not provided","status":"passed","title":"does not auto-dismiss when autoDismiss is not provided","duration":1530.9525400000002,"failureMessages":[],"meta":{}},{"ancestorTitles":["RankUpCelebration"],"fullName":"RankUpCelebration renders scan line effects","status":"passed","title":"renders scan line effects","duration":33.18769400000019,"failureMessages":[],"meta":{}},{"ancestorTitles":["RankUpCelebration"],"fullName":"RankUpCelebration displays holographic grid background","status":"passed","title":"displays holographic grid background","duration":21.16287100000045,"failureMessages":[],"meta":{}},{"ancestorTitles":["RankUpCelebration"],"fullName":"RankUpCelebration shows particle burst effects around badge","status":"passed","title":"shows particle burst effects around badge","duration":23.606824000000415,"failureMessages":[],"meta":{}},{"ancestorTitles":["RankUpCelebration"],"fullName":"RankUpCelebration handles Escape key to dismiss","status":"passed","title":"handles Escape key to dismiss","duration":18.10692899999958,"failureMessages":[],"meta":{}},{"ancestorTitles":["RankUpCelebration"],"fullName":"RankUpCelebration applies custom className when provided","status":"passed","title":"applies custom className when provided","duration":21.612699000000248,"failureMessages":[],"meta":{}},{"ancestorTitles":["RankUpCelebration"],"fullName":"RankUpCelebration displays congratulatory text","status":"passed","title":"displays congratulatory text","duration":18.664905000000545,"failureMessages":[],"meta":{}},{"ancestorTitles":["RankUpCelebration"],"fullName":"RankUpCelebration shows neon text effects for rank names","status":"passed","title":"shows neon text effects for rank names","duration":14.733408000000054,"failureMessages":[],"meta":{}},{"ancestorTitles":["RankUpCelebration"],"fullName":"RankUpCelebration renders with accessibility attributes","status":"passed","title":"renders with accessibility attributes","duration":9.951643000000331,"failureMessages":[],"meta":{}}],"startTime":1780915633736,"endTime":1780915637312.9517,"status":"passed","message":"","name":"/home/soloengine/Github/databricks-sword/src/components/gamification/__tests__/RankUpCelebration.test.tsx"},{"assertionResults":[{"ancestorTitles":["StreakCalendar"],"fullName":"StreakCalendar renders calendar grid with correct month and year","status":"passed","title":"renders calendar grid with correct month and year","duration":284.0069490000001,"failureMessages":[],"meta":{}},{"ancestorTitles":["StreakCalendar"],"fullName":"StreakCalendar displays correct day headers","status":"passed","title":"displays correct day headers","duration":80.02059800000006,"failureMessages":[],"meta":{}},{"ancestorTitles":["StreakCalendar"],"fullName":"StreakCalendar renders all days of the month","status":"passed","title":"renders all days of the month","duration":95.23724600000014,"failureMessages":[],"meta":{}},{"ancestorTitles":["StreakCalendar"],"fullName":"StreakCalendar highlights days with activity","status":"passed","title":"highlights days with activity","duration":23.763542999999572,"failureMessages":[],"meta":{}},{"ancestorTitles":["StreakCalendar"],"fullName":"StreakCalendar shows frozen days with distinct styling","status":"passed","title":"shows frozen days with distinct styling","duration":47.356577000000016,"failureMessages":[],"meta":{}},{"ancestorTitles":["StreakCalendar"],"fullName":"StreakCalendar shows inactive days with muted styling","status":"passed","title":"shows inactive days with muted styling","duration":63.24886900000001,"failureMessages":[],"meta":{}},{"ancestorTitles":["StreakCalendar"],"fullName":"StreakCalendar displays current day marker","status":"passed","title":"displays current day marker","duration":35.153409999999894,"failureMessages":[],"meta":{}},{"ancestorTitles":["StreakCalendar"],"fullName":"StreakCalendar calls onDateClick when a date is clicked","status":"passed","title":"calls onDateClick when a date is clicked","duration":65.00442399999974,"failureMessages":[],"meta":{}},{"ancestorTitles":["StreakCalendar"],"fullName":"StreakCalendar displays navigation buttons","status":"passed","title":"displays navigation buttons","duration":46.491363999999976,"failureMessages":[],"meta":{}},{"ancestorTitles":["StreakCalendar"],"fullName":"StreakCalendar calls onMonthChange when navigation buttons are clicked","status":"passed","title":"calls onMonthChange when navigation buttons are clicked","duration":115.0534090000001,"failureMessages":[],"meta":{}},{"ancestorTitles":["StreakCalendar"],"fullName":"StreakCalendar handles year transitions when navigating months","status":"passed","title":"handles year transitions when navigating months","duration":24.443938999999773,"failureMessages":[],"meta":{}},{"ancestorTitles":["StreakCalendar"],"fullName":"StreakCalendar shows streak statistics","status":"passed","title":"shows streak statistics","duration":26.39500799999996,"failureMessages":[],"meta":{}},{"ancestorTitles":["StreakCalendar"],"fullName":"StreakCalendar calculates correct streak statistics","status":"passed","title":"calculates correct streak statistics","duration":34.74518799999987,"failureMessages":[],"meta":{}},{"ancestorTitles":["StreakCalendar"],"fullName":"StreakCalendar applies custom className when provided","status":"passed","title":"applies custom className when provided","duration":18.822879000000285,"failureMessages":[],"meta":{}},{"ancestorTitles":["StreakCalendar"],"fullName":"StreakCalendar handles empty streak data gracefully","status":"passed","title":"handles empty streak data gracefully","duration":21.97443800000019,"failureMessages":[],"meta":{}}],"startTime":1780915650589,"endTime":1780915651572.9744,"status":"passed","message":"","name":"/home/soloengine/Github/databricks-sword/src/components/gamification/__tests__/StreakCalendar.test.tsx"},{"assertionResults":[{"ancestorTitles":["StreakFlame"],"fullName":"StreakFlame shows flame container for active streak","status":"passed","title":"shows flame container for active streak","duration":92.86028299999998,"failureMessages":[],"meta":{}},{"ancestorTitles":["StreakFlame"],"fullName":"StreakFlame shows no flame for zero streak","status":"passed","title":"shows no flame for zero streak","duration":7.838218999999299,"failureMessages":[],"meta":{}},{"ancestorTitles":["StreakFlame"],"fullName":"StreakFlame shows streak count text","status":"passed","title":"shows streak count text","duration":19.55923299999995,"failureMessages":[],"meta":{}},{"ancestorTitles":["StreakFlame"],"fullName":"StreakFlame displays singular form for 1 day","status":"passed","title":"displays singular form for 1 day","duration":9.071055000000342,"failureMessages":[],"meta":{}},{"ancestorTitles":["StreakFlame"],"fullName":"StreakFlame shows milestone message for week streak","status":"passed","title":"shows milestone message for week streak","duration":8.462983999999778,"failureMessages":[],"meta":{}},{"ancestorTitles":["StreakFlame"],"fullName":"StreakFlame shows milestone message for month streak","status":"passed","title":"shows milestone message for month streak","duration":7.866987999999765,"failureMessages":[],"meta":{}},{"ancestorTitles":["StreakFlame"],"fullName":"StreakFlame shows milestone message for 100-day streak","status":"passed","title":"shows milestone message for 100-day streak","duration":6.685378000000128,"failureMessages":[],"meta":{}},{"ancestorTitles":["StreakFlame"],"fullName":"StreakFlame displays XP multiplier for active streak","status":"passed","title":"displays XP multiplier for active streak","duration":7.944367000000057,"failureMessages":[],"meta":{}},{"ancestorTitles":["StreakFlame"],"fullName":"StreakFlame displays higher XP multiplier for longer streak","status":"passed","title":"displays higher XP multiplier for longer streak","duration":10.375867000000653,"failureMessages":[],"meta":{}},{"ancestorTitles":["StreakFlame"],"fullName":"StreakFlame displays maximum XP multiplier for very long streak","status":"passed","title":"displays maximum XP multiplier for very long streak","duration":7.299261999999544,"failureMessages":[],"meta":{}},{"ancestorTitles":["StreakFlame"],"fullName":"StreakFlame applies custom className when provided","status":"passed","title":"applies custom className when provided","duration":16.0178020000003,"failureMessages":[],"meta":{}}],"startTime":1780915655256,"endTime":1780915655451.0178,"status":"passed","message":"","name":"/home/soloengine/Github/databricks-sword/src/components/gamification/__tests__/StreakFlame.test.tsx"},{"assertionResults":[{"ancestorTitles":["StreakFreezeButton"],"fullName":"StreakFreezeButton displays available freeze count","status":"passed","title":"displays available freeze count","duration":82.57521899999938,"failureMessages":[],"meta":{}},{"ancestorTitles":["StreakFreezeButton"],"fullName":"StreakFreezeButton shows freeze button when freezes are available","status":"passed","title":"shows freeze button when freezes are available","duration":10.713080000000446,"failureMessages":[],"meta":{}},{"ancestorTitles":["StreakFreezeButton"],"fullName":"StreakFreezeButton disables button when no freezes available","status":"passed","title":"disables button when no freezes available","duration":8.881757000000107,"failureMessages":[],"meta":{}},{"ancestorTitles":["StreakFreezeButton"],"fullName":"StreakFreezeButton calls onUseFreeze when button is clicked","status":"passed","title":"calls onUseFreeze when button is clicked","duration":24.96488700000009,"failureMessages":[],"meta":{}},{"ancestorTitles":["StreakFreezeButton"],"fullName":"StreakFreezeButton shows confirmation dialog when confirmBeforeUse is true","status":"passed","title":"shows confirmation dialog when confirmBeforeUse is true","duration":34.42607299999963,"failureMessages":[],"meta":{}},{"ancestorTitles":["StreakFreezeButton"],"fullName":"StreakFreezeButton cancels freeze when clicking Cancel in confirmation","status":"passed","title":"cancels freeze when clicking Cancel in confirmation","duration":37.12088700000004,"failureMessages":[],"meta":{}},{"ancestorTitles":["StreakFreezeButton"],"fullName":"StreakFreezeButton confirms freeze when clicking Confirm in confirmation","status":"passed","title":"confirms freeze when clicking Confirm in confirmation","duration":31.41574700000001,"failureMessages":[],"meta":{}},{"ancestorTitles":["StreakFreezeButton"],"fullName":"StreakFreezeButton displays loading state when isLoading is true","status":"passed","title":"displays loading state when isLoading is true","duration":10.504396999999699,"failureMessages":[],"meta":{}},{"ancestorTitles":["StreakFreezeButton"],"fullName":"StreakFreezeButton shows freeze earned feedback","status":"passed","title":"shows freeze earned feedback","duration":13.912955000000693,"failureMessages":[],"meta":{}},{"ancestorTitles":["StreakFreezeButton"],"fullName":"StreakFreezeButton displays freeze icon correctly","status":"passed","title":"displays freeze icon correctly","duration":7.05605099999957,"failureMessages":[],"meta":{}},{"ancestorTitles":["StreakFreezeButton"],"fullName":"StreakFreezeButton applies custom className when provided","status":"passed","title":"applies custom className when provided","duration":7.922768999999789,"failureMessages":[],"meta":{}},{"ancestorTitles":["StreakFreezeButton"],"fullName":"StreakFreezeButton shows different text for single freeze","status":"passed","title":"shows different text for single freeze","duration":6.637891999999738,"failureMessages":[],"meta":{}},{"ancestorTitles":["StreakFreezeButton"],"fullName":"StreakFreezeButton shows tooltip with freeze explanation on hover","status":"passed","title":"shows tooltip with freeze explanation on hover","duration":19.52337400000033,"failureMessages":[],"meta":{}},{"ancestorTitles":["StreakFreezeButton"],"fullName":"StreakFreezeButton hides tooltip on mouse leave","status":"passed","title":"hides tooltip on mouse leave","duration":12.595981000000393,"failureMessages":[],"meta":{}},{"ancestorTitles":["StreakFreezeButton"],"fullName":"StreakFreezeButton disables button during loading","status":"passed","title":"disables button during loading","duration":6.506214,"failureMessages":[],"meta":{}},{"ancestorTitles":["StreakFreezeButton"],"fullName":"StreakFreezeButton shows success animation after successful freeze","status":"passed","title":"shows success animation after successful freeze","duration":16.66526999999951,"failureMessages":[],"meta":{}}],"startTime":1780915654871,"endTime":1780915655199.6653,"status":"passed","message":"","name":"/home/soloengine/Github/databricks-sword/src/components/gamification/__tests__/StreakFreezeButton.test.tsx"},{"assertionResults":[{"ancestorTitles":["XpAward"],"fullName":"XpAward displays XP amount with + prefix","status":"passed","title":"displays XP amount with + prefix","duration":116.64218700000038,"failureMessages":[],"meta":{}},{"ancestorTitles":["XpAward"],"fullName":"XpAward shows XP source information","status":"passed","title":"shows XP source information","duration":14.453777000000173,"failureMessages":[],"meta":{}},{"ancestorTitles":["XpAward"],"fullName":"XpAward displays streak multiplier when greater than 1","status":"passed","title":"displays streak multiplier when greater than 1","duration":14.761795000000347,"failureMessages":[],"meta":{}},{"ancestorTitles":["XpAward"],"fullName":"XpAward does not show multiplier when equal to 1","status":"passed","title":"does not show multiplier when equal to 1","duration":10.425798000000214,"failureMessages":[],"meta":{}},{"ancestorTitles":["XpAward"],"fullName":"XpAward applies neon particle animation","status":"passed","title":"applies neon particle animation","duration":16.586592999999993,"failureMessages":[],"meta":{}},{"ancestorTitles":["XpAward"],"fullName":"XpAward does not show animation by default","status":"passed","title":"does not show animation by default","duration":7.575350000000071,"failureMessages":[],"meta":{}},{"ancestorTitles":["XpAward"],"fullName":"XpAward calls onDismiss when close button is clicked","status":"passed","title":"calls onDismiss when close button is clicked","duration":423.7581559999999,"failureMessages":[],"meta":{}},{"ancestorTitles":["XpAward"],"fullName":"XpAward auto-dismisses after specified duration","status":"passed","title":"auto-dismisses after specified duration","duration":1043.2783,"failureMessages":[],"meta":{}},{"ancestorTitles":["XpAward"],"fullName":"XpAward does not auto-dismiss when autoDismiss is not provided","status":"passed","title":"does not auto-dismiss when autoDismiss is not provided","duration":1514.7286510000004,"failureMessages":[],"meta":{}},{"ancestorTitles":["XpAward"],"fullName":"XpAward applies custom className when provided","status":"passed","title":"applies custom className when provided","duration":40.08428999999978,"failureMessages":[],"meta":{}},{"ancestorTitles":["XpAward"],"fullName":"XpAward displays different labels for different XP event types","status":"passed","title":"displays different labels for different XP event types","duration":21.497384999999667,"failureMessages":[],"meta":{}},{"ancestorTitles":["XpAward"],"fullName":"XpAward displays achievement label for achievement events","status":"passed","title":"displays achievement label for achievement events","duration":7.236178999999538,"failureMessages":[],"meta":{}},{"ancestorTitles":["XpAward"],"fullName":"XpAward displays streak bonus label for streak events","status":"passed","title":"displays streak bonus label for streak events","duration":9.275980000000345,"failureMessages":[],"meta":{}},{"ancestorTitles":["XpAward"],"fullName":"XpAward displays quiz bonus label for quiz-bonus events","status":"passed","title":"displays quiz bonus label for quiz-bonus events","duration":6.865768000000571,"failureMessages":[],"meta":{}},{"ancestorTitles":["XpAward"],"fullName":"XpAward uses large text for high XP amounts","status":"passed","title":"uses large text for high XP amounts","duration":6.220269000000371,"failureMessages":[],"meta":{}},{"ancestorTitles":["XpAward"],"fullName":"XpAward uses normal text for low XP amounts","status":"passed","title":"uses normal text for low XP amounts","duration":6.6092149999994945,"failureMessages":[],"meta":{}}],"startTime":1780915634870,"endTime":1780915638133.6091,"status":"passed","message":"","name":"/home/soloengine/Github/databricks-sword/src/components/gamification/__tests__/XpAward.test.tsx"},{"assertionResults":[{"ancestorTitles":["XpBar"],"fullName":"XpBar displays current XP and displays next rank target","status":"passed","title":"displays current XP and displays next rank target","duration":172.9939870000003,"failureMessages":[],"meta":{}},{"ancestorTitles":["XpBar"],"fullName":"XpBar shows correct progress percentage for current rank","status":"passed","title":"shows correct progress percentage for current rank","duration":358.860044,"failureMessages":[],"meta":{}},{"ancestorTitles":["XpBar"],"fullName":"XpBar displays current rank information","status":"passed","title":"displays current rank information","duration":21.343613000000005,"failureMessages":[],"meta":{}},{"ancestorTitles":["XpBar"],"fullName":"XpBar shows XP needed for next rank","status":"passed","title":"shows XP needed for next rank","duration":17.452229999999872,"failureMessages":[],"meta":{}},{"ancestorTitles":["XpBar"],"fullName":"XpBar handles max rank correctly","status":"passed","title":"handles max rank correctly","duration":64.44839899999988,"failureMessages":[],"meta":{}},{"ancestorTitles":["XpBar"],"fullName":"XpBar applies custom className when provided","status":"passed","title":"applies custom className when provided","duration":12.893796999999722,"failureMessages":[],"meta":{}},{"ancestorTitles":["XpBar"],"fullName":"XpBar shows animated progress when showAnimation is true","status":"passed","title":"shows animated progress when showAnimation is true","duration":9.328925999999228,"failureMessages":[],"meta":{}},{"ancestorTitles":["XpBar"],"fullName":"XpBar does not show animation by default","status":"passed","title":"does not show animation by default","duration":8.48117000000002,"failureMessages":[],"meta":{}},{"ancestorTitles":["XpBar"],"fullName":"XpBar calculates correct progress for rank boundaries","status":"passed","title":"calculates correct progress for rank boundaries","duration":52.4147380000004,"failureMessages":[],"meta":{}},{"ancestorTitles":["XpBar"],"fullName":"XpBar handles zero XP correctly","status":"passed","title":"handles zero XP correctly","duration":52.75006100000064,"failureMessages":[],"meta":{}},{"ancestorTitles":["XpBar"],"fullName":"XpBar displays XP remaining text","status":"passed","title":"displays XP remaining text","duration":8.723140000000058,"failureMessages":[],"meta":{}},{"ancestorTitles":["XpBar"],"fullName":"XpBar displays max rank text when at highest level","status":"passed","title":"displays max rank text when at highest level","duration":12.15783200000078,"failureMessages":[],"meta":{}}],"startTime":1780915648547,"endTime":1780915649340.1577,"status":"passed","message":"","name":"/home/soloengine/Github/databricks-sword/src/components/gamification/__tests__/XpBar.test.tsx"},{"assertionResults":[{"ancestorTitles":["BlogSection"],"fullName":"BlogSection renders the section heading","status":"passed","title":"renders the section heading","duration":883.7195280000005,"failureMessages":[],"meta":{}},{"ancestorTitles":["BlogSection"],"fullName":"BlogSection renders post titles","status":"passed","title":"renders post titles","duration":110.43580500000007,"failureMessages":[],"meta":{}},{"ancestorTitles":["BlogSection"],"fullName":"BlogSection renders clickable links to blog posts","status":"passed","title":"renders clickable links to blog posts","duration":216.40864199999942,"failureMessages":[],"meta":{}},{"ancestorTitles":["BlogSection"],"fullName":"BlogSection renders the access all logs link","status":"passed","title":"renders the access all logs link","duration":29.799716000000444,"failureMessages":[],"meta":{}},{"ancestorTitles":["BlogSection"],"fullName":"BlogSection renders nothing when posts array is empty","status":"passed","title":"renders nothing when posts array is empty","duration":11.31036899999981,"failureMessages":[],"meta":{}},{"ancestorTitles":["BlogSection"],"fullName":"BlogSection does not contain dark: class variants","status":"passed","title":"does not contain dark: class variants","duration":24.245280000000093,"failureMessages":[],"meta":{}}],"startTime":1780915644457,"endTime":1780915645734.2454,"status":"passed","message":"","name":"/home/soloengine/Github/databricks-sword/src/components/landing/__tests__/BlogSection.test.tsx"},{"assertionResults":[{"ancestorTitles":["FeaturedMissions"],"fullName":"FeaturedMissions renders the section heading","status":"passed","title":"renders the section heading","duration":821.4937239999999,"failureMessages":[],"meta":{}},{"ancestorTitles":["FeaturedMissions"],"fullName":"FeaturedMissions renders the Featured Operations label","status":"passed","title":"renders the Featured Operations label","duration":32.387297999999646,"failureMessages":[],"meta":{}},{"ancestorTitles":["FeaturedMissions"],"fullName":"FeaturedMissions renders all 4 mission titles","status":"passed","title":"renders all 4 mission titles","duration":84.24124699999993,"failureMessages":[],"meta":{}},{"ancestorTitles":["FeaturedMissions"],"fullName":"FeaturedMissions renders subtitles for each mission","status":"passed","title":"renders subtitles for each mission","duration":90.58262400000058,"failureMessages":[],"meta":{}},{"ancestorTitles":["FeaturedMissions"],"fullName":"FeaturedMissions renders rank badges for missions","status":"passed","title":"renders rank badges for missions","duration":101.90300799999932,"failureMessages":[],"meta":{}},{"ancestorTitles":["FeaturedMissions"],"fullName":"FeaturedMissions renders View All Missions link","status":"passed","title":"renders View All Missions link","duration":816.4861650000003,"failureMessages":[],"meta":{}},{"ancestorTitles":["FeaturedMissions"],"fullName":"FeaturedMissions links each mission card to its detail page","status":"passed","title":"links each mission card to its detail page","duration":604.4422720000002,"failureMessages":[],"meta":{}},{"ancestorTitles":["FeaturedMissions"],"fullName":"FeaturedMissions returns null for empty missions array","status":"passed","title":"returns null for empty missions array","duration":3.9929560000000492,"failureMessages":[],"meta":{}},{"ancestorTitles":["FeaturedMissions"],"fullName":"FeaturedMissions shows XP rewards for each mission","status":"passed","title":"shows XP rewards for each mission","duration":40.20437300000049,"failureMessages":[],"meta":{}}],"startTime":1780915633272,"endTime":1780915635872.2043,"status":"passed","message":"","name":"/home/soloengine/Github/databricks-sword/src/components/landing/__tests__/FeaturedMissions.test.tsx"},{"assertionResults":[{"ancestorTitles":["Hero"],"fullName":"Hero renders the main heading","status":"passed","title":"renders the main heading","duration":574.2420790000001,"failureMessages":[],"meta":{}},{"ancestorTitles":["Hero"],"fullName":"Hero renders LIMIT BREAK in the heading","status":"passed","title":"renders LIMIT BREAK in the heading","duration":58.76539999999977,"failureMessages":[],"meta":{}},{"ancestorTitles":["Hero"],"fullName":"Hero renders the Start Mission CTA link","status":"failed","title":"renders the Start Mission CTA link","duration":1404.9662710000002,"failureMessages":["TestingLibraryElementError: Unable to find an accessible element with the role \"link\" and name `/start mission/i`\n\nHere are the accessible roles:\n\n  heading:\n\n  Name \"LIMIT BREAK\":\n  \u001b[36m<h1\u001b[39m\n    \u001b[33mclass\u001b[39m=\u001b[32m\"text-7xl md:text-8xl font-black italic tracking-tighter text-white mb-2 leading-[0.85] drop-shadow-2xl\"\u001b[39m\n  \u001b[36m/>\u001b[39m\n\n  Name \"YOUR DATA SKILLS\":\n  \u001b[36m<h2\u001b[39m\n    \u001b[33mclass\u001b[39m=\u001b[32m\"text-4xl md:text-5xl font-black italic tracking-tighter text-gray-600 mb-8\"\u001b[39m\n  \u001b[36m/>\u001b[39m\n\n  --------------------------------------------------\n  paragraph:\n\n  Name \"\":\n  \u001b[36m<p\u001b[39m\n    \u001b[33mclass\u001b[39m=\u001b[32m\"text-lg text-gray-400 mb-10 leading-relaxed max-w-md border-l-4 border-anime-cyan pl-6 backdrop-blur-sm bg-black/10 py-2\"\u001b[39m\n  \u001b[36m/>\u001b[39m\n\n  --------------------------------------------------\n  link:\n\n  Name \"Start Here (Beginner)\":\n  \u001b[36m<a\u001b[39m\n    \u001b[33mclass\u001b[39m=\u001b[32m\"cut-corner group relative px-8 py-4 bg-anime-accent hover:bg-red-600 trans
[...]
],"fullName":"POST /api/databricks/evaluate returns 400 for missing missionSlug","status":"passed","title":"returns 400 for missing missionSlug","duration":279.481178,"failureMessages":[],"meta":{}},{"ancestorTitles":["POST /api/databricks/evaluate"],"fullName":"POST /api/databricks/evaluate returns 400 for missing stageId","status":"passed","title":"returns 400 for missing stageId","duration":4.416441999999961,"failureMessages":[],"meta":{}},{"ancestorTitles":["POST /api/databricks/evaluate"],"fullName":"POST /api/databricks/evaluate returns 404 when user has no workspace connection","status":"passed","title":"returns 404 when user has no workspace connection","duration":193.09283699999992,"failureMessages":[],"meta":{}},{"ancestorTitles":["POST /api/databricks/evaluate"],"fullName":"POST /api/databricks/evaluate calls evaluateMission with queries from stage config","status":"failed","title":"calls evaluateMission with queries from stage config","duration":76.76910399999997,"failureMessages":["AssertionError: expected \"vi.fn()\" to be called with arguments: [ …(4) ]\n\nNumber of calls: 0\n\n    at Proxy.<anonymous> (file:///home/soloengine/Github/databricks-sword/node_modules/.pnpm/@vitest+expect@4.0.18/node_modules/@vitest/expect/dist/index.js:1420:10)\n    at Proxy.<anonymous> (file:///home/soloengine/Github/databricks-sword/node_modules/.pnpm/@vitest+expect@4.0.18/node_modules/@vitest/expect/dist/index.js:1090:14)\n    at Proxy.methodWrapper (file:///home/soloengine/Github/databricks-sword/node_modules/.pnpm/chai@6.2.2/node_modules/chai/index.js:1700:25)\n    at /home/soloengine/Github/databricks-sword/src/app/api/databricks/__tests__/evaluate.test.ts:157:28\n    at processTicksAndRejections (node:internal/process/task_queues:95:5)\n    at file:///home/soloengine/Github/databricks-sword/node_modules/.pnpm/@vitest+runner@4.0.18/node_modules/@vitest/runner/dist/index.js:915:20"],"meta":{}},{"ancestorTitles":["POST /api/databricks/evaluate"],"fullName":"POST /api/databricks/evaluate returns 200 with evaluation results","status":"failed","title":"returns 200 with evaluation results","duration":15.065468999999666,"failureMessages":["AssertionError: expected 500 to be 200 // Object.is equality\n    at /home/soloengine/Github/databricks-sword/src/app/api/databricks/__tests__/evaluate.test.ts:188:29\n    at processTicksAndRejections (node:internal/process/task_queues:95:5)\n    at file:///home/soloengine/Github/databricks-sword/node_modules/.pnpm/@vitest+runner@4.0.18/node_modules/@vitest/runner/dist/index.js:915:20"],"meta":{}},{"ancestorTitles":["POST /api/databricks/evaluate"],"fullName":"POST /api/databricks/evaluate returns allPassed false when any query fails","status":"failed","title":"returns allPassed false when any query fails","duration":6.955218000000059,"failureMessages":["AssertionError: expected 500 to be 200 // Object.is equality\n    at /home/soloengine/Github/databricks-sword/src/app/api/databricks/__tests__/evaluate.test.ts:217:29\n    at processTicksAndRejections (node:internal/process/task_queues:95:5)\n    at file:///home/soloengine/Github/databricks-sword/node_modules/.pnpm/@vitest+runner@4.0.18/node_modules/@vitest/runner/dist/index.js:915:20"],"meta":{}}],"startTime":1780915628793,"endTime":1780915629368.9553,"status":"failed","message":"","name":"/home/soloengine/Github/databricks-sword/src/app/api/databricks/__tests__/evaluate.test.ts"},{"assertionResults":[{"ancestorTitles":["GET /api/databricks/status"],"fullName":"GET /api/databricks/status returns 401 when not authenticated","status":"passed","title":"returns 401 when not authenticated","duration":153.1909569999998,"failureMessages":[],"meta":{}},{"ancestorTitles":["GET /api/databricks/status"],"fullName":"GET /api/databricks/status returns disconnected status when no connection exists","status":"passed","title":"returns disconnected status when no connection exists","duration":8.102617999999893,"failureMessages":[],"meta":{}},{"ancestorTitles":["GET /api/databricks/status"],"fullName":"GET /api/databricks/status returns connected status with workspace info","status":"passed","title":"returns connected status with workspace info","duration":9.160117999999784,"failureMessages":[],"meta":{}},{"ancestorTitles":["GET /api/databricks/status"],"fullName":"GET /api/databricks/status returns bundle status for specified mission","status":"passed","title":"returns bundle status for specified mission","duration":13.510919000000285,"failureMessages":[],"meta":{}},{"ancestorTitles":["GET /api/databricks/status"],"fullName":"GET /api/databricks/status validates connection health when requested","status":"passed","title":"validates connection health when requested","duration":12.220668999999816,"failureMessages":[],"meta":{}},{"ancestorTitles":["GET /api/databricks/status"],"fullName":"GET /api/databricks/status returns connection unhealthy when validation fails","status":"passed","title":"returns connection unhealthy when validation fails","duration":6.360165999999936,"failureMessages":[],"meta":{}}],"startTime":1780915655378,"endTime":1780915655580.36,"status":"passed","message":"","name":"/home/soloengine/Github/databricks-sword/src/app/api/databricks/__tests__/status.test.ts"},{"assertionResults":[{"ancestorTitles":["GET /api/leaderboard"],"fullName":"GET /api/leaderboard returns leaderboard entries using snapshot JSON fields for opted-in users","status":"passed","title":"returns leaderboard entries using snapshot JSON fields for opted-in users","duration":611.056646,"failureMessages":[],"meta":{}},{"ancestorTitles":["GET /api/leaderboard"],"fullName":"GET /api/leaderboard only returns opted-in users","status":"passed","title":"only returns opted-in users","duration":27.85853900000029,"failureMessages":[],"meta":{}},{"ancestorTitles":["GET /api/leaderboard"],"fullName":"GET /api/leaderboard gracefully handles malformed snapshot JSON","status":"passed","title":"gracefully handles malformed snapshot JSON","duration":30.285809999999856,"failureMessages":[],"meta":{}},{"ancestorTitles":["GET /api/leaderboard"],"fullName":"GET /api/leaderboard returns 500 when leaderboard query throws","status":"passed","title":"returns 500 when leaderboard query throws","duration":55.97372700000005,"failureMessages":[],"meta":{}}],"startTime":1780915650534,"endTime":1780915651259.9736,"status":"passed","message":"","name":"/home/soloengine/Github/databricks-sword/src/app/api/leaderboard/__tests__/route.test.ts"},{"assertionResults":[{"ancestorTitles":["GET /api/stats"],"fullName":"GET /api/stats returns user count without inflated units","status":"passed","title":"returns user count without inflated units","duration":292.0821540000002,"failureMessages":[],"meta":{}},{"ancestorTitles":["GET /api/stats"],"fullName":"GET /api/stats returns zeroed fallback when db query fails","status":"passed","title":"returns zeroed fallback when db query fails","duration":26.832106999999723,"failureMessages":[],"meta":{}}],"startTime":1780915655176,"endTime":1780915655494.832,"status":"passed","message":"","name":"/home/soloengine/Github/databricks-sword/src/app/api/stats/__tests__/route.test.ts"},{"assertionResults":[{"ancestorTitles":["GET /api/user/stats"],"fullName":"GET /api/user/stats returns 401 when not authenticated","status":"passed","title":"returns 401 when not authenticated","duration":956.0022640000002,"failureMessages":[],"meta":{}},{"ancestorTitles":["GET /api/user/stats"],"fullName":"GET /api/user/stats returns null when user has no snapshot","status":"passed","title":"returns null when user has no snapshot","duration":7.246936999999889,"failureMessages":[],"meta":{}},{"ancestorTitles":["GET /api/user/stats"],"fullName":"GET /api/user/stats returns user stats with rank from snapshot","status":"passed","title":"returns user stats with rank from snapshot","duration":14.91319299999941,"failureMessages":[],"meta":{}},{"ancestorTitles":["GET /api/user/profile"],"fullName":"GET /api/user/profile returns 401 when not authenticated","status":"passed","title":"returns 401 when not authenticated","duration":30.820557000000008,"failureMessages":[],"meta":{}},{"ancestorTitles":["GET /api/user/profile"],"fullName":"GET /api/user/profile returns full profile with mission progress and rank progress","status":"passed","title":"returns full profile with mission progress and rank progress","duration":9.868970000000445,"failureMessages":[],"meta":{}},{"ancestorTitles":["PATCH /api/user/profile"],"fullName":"PATCH /api/user/profile returns 401 when not authenticated","status":"passed","title":"returns 401 when not authenticated","duration":6.034330999999838,"failureMessages":[],"meta":{}},{"ancestorTitles":["PATCH /api/user/profile"],"fullName":"PATCH /api/user/profile returns 400 for invalid payload","status":"passed","title":"returns 400 for invalid payload","duration":9.48603600000024,"failureMessages":[],"meta":{}},{"ancestorTitles":["PATCH /api/user/profile"],"fullName":"PATCH /api/user/profile updates leaderboard opt-in and returns updated value","status":"passed","title":"updates leaderboard opt-in and returns updated value","duration":4.4189070000002175,"failureMessages":[],"meta":{}}],"startTime":1780915646687,"endTime":1780915647727.419,"status":"passed","message":"","name":"/home/soloengine/Github/databricks-sword/src/app/api/user/__tests__/userRoutes.test.ts"},{"assertionResults":[{"ancestorTitles":["Field Ops bulk cleanup route"],"fullName":"Field Ops bulk cleanup route returns auth passthrough status when user is not authenticated","status":"passed","title":"returns auth passthrough status when user is not authenticated","duration":13.395182000000204,"failureMessages":[],"meta":{}},{"ancestorTitles":["Field Ops bulk cleanup route"],"fullName":"Field Ops bulk cleanup route returns 400 when Databricks connection is missing","status":"passed","title":"returns 400 when Databricks connection is missing","duration":2.859723000000031,"failureMessages":[],"meta":{}},{"ancestorTitles":["Field Ops bulk cleanup route"],"fullName":"Field Ops bulk cleanup route returns 200 when no deployments are eligible","status":"passed","title":"returns 200 when no deployments are eligible","duration":3.274547999999868,"failureMessages":[],"meta":{}},{"ancestorTitles":["Field Ops bulk cleanup route"],"fullName":"Field Ops bulk cleanup route returns 200 when all eligible deployments clean successfully","status":"passed","title":"returns 200 when all eligible deployments clean successfully","duration":3.4449789999998757,"failureMessages":[],"meta":{}},{"ancestorTitles":["Field Ops bulk cleanup route"],"fullName":"Field Ops bulk cleanup route returns 409 with aggregated failures when cleanup is partial","status":"passed","title":"returns 409 with aggregated failures when cleanup is partial","duration":7.450218999999834,"failureMessages":[],"meta":{}},{"ancestorTitles":["Field Ops bulk cleanup route"],"fullName":"Field Ops bulk cleanup route includes deployments without bundlePath in cleanup eligibility","status":"passed","title":"includes deployments without bundlePath in cleanup eligibility","duration":4.637191000000257,"failureMessages":[],"meta":{}},{"ancestorTitles":["Field Ops bulk cleanup route"],"fullName":"Field Ops bulk cleanup route returns 500 on unexpected internal errors","status":"passed","title":"returns 500 on unexpected internal errors","duration":8.937779999999748,"failureMessages":[],"meta":{}}],"startTime":1780915661772,"endTime":1780915661816.9377,"status":"passed","message":"","name":"/home/soloengine/Github/databricks-sword/src/app/api/field-ops/cleanup/__tests__/route.test.ts"},{"assertionResults":[{"ancestorTitles":["Field Ops deploy route"],"fullName":"Field Ops deploy route blocks deploy when warehouse is missing","status":"passed","title":"blocks deploy when warehouse is missing","duration":20.389870999999857,"failureMessages":[],"meta":{}},{"ancestorTitles":["Field Ops deploy route"],"fullName":"Field Ops deploy route uses persisted catalog and warehouse","status":"passed","title":"uses persisted catalog and warehouse","duration":12.913188999999875,"failureMessages":[],"meta":{}}],"startTime":1780915664711,"endTime":1780915664744.913,"status":"passed","message":"","name":"/home/soloengine/Github/databricks-sword/src/app/api/field-ops/deploy/__tests__/route.test.ts"},{"assertionResults":[{"ancestorTitles":["Sandbox Sync API Route","POST /api/user/sync"],"fullName":"Sandbox Sync API Route POST /api/user/sync should return 401 when not authenticated","status":"passed","title":"should return 401 when not authenticated","duration":25.286317999999937,"failureMessages":[],"meta":{}},{"ancestorTitles":["Sandbox Sync API Route","POST /api/user/sync"],"fullName":"Sandbox Sync API Route POST /api/user/sync should return 400 when request body is invalid","status":"passed","title":"should return 400 when request body is invalid","duration":10.891038000000208,"failureMessages":[],"meta":{}},{"ancestorTitles":["Sandbox Sync API Route","POST /api/user/sync"],"fullName":"Sandbox Sync API Route POST /api/user/sync should upsert sandbox data and return 200 when valid","status":"passed","title":"should upsert sandbox data and return 200 when valid","duration":11.10871300000008,"failureMessages":[],"meta":{}},{"ancestorTitles":["Sandbox Sync API Route","POST /api/user/sync"],"fullName":"Sandbox Sync API Route POST /api/user/sync should sanitize forged aggregate stats before persisting","status":"passed","title":"should sanitize forged aggregate stats before persisting","duration":13.53056000000015,"failureMessages":[],"meta":{}},{"ancestorTitles":["Sandbox Sync API Route","POST /api/user/sync"],"fullName":"Sandbox Sync API Route POST /api/user/sync should include coupon XP in authoritative totalXp recomputation","status":"passed","title":"should include coupon XP in authoritative totalXp recomputation","duration":5.970461000000341,"failureMessages":[],"meta":{}},{"ancestorTitles":["Sandbox Sync API Route","GET /api/user/sync"],"fullName":"Sandbox Sync API Route GET /api/user/sync should return 401 when not authenticated","status":"passed","title":"should return 401 when not authenticated","duration":3.4925200000002405,"failureMessages":[],"meta":{}},{"ancestorTitles":["Sandbox Sync API Route","GET /api/user/sync"],"fullName":"Sandbox Sync API Route GET /api/user/sync should return null when no snapshot exists","status":"passed","title":"should return null when no snapshot exists","duration":3.6851050000000214,"failureMessages":[],"meta":{}},{"ancestorTitles":["Sandbox Sync API Route","GET /api/user/sync"],"fullName":"Sandbox Sync API Route GET /api/user/sync should return snapshot data when it exists","status":"passed","title":"should return snapshot data when it exists","duration":3.9328780000000734,"failureMessages":[],"meta":{}}],"startTime":1780915658626,"endTime":1780915658704.9329,"status":"passed","message":"","name":"/home/soloengine/Github/databricks-sword/src/app/api/user/sync/__tests__/route.test.ts"},{"assertionResults":[{"ancestorTitles":["Field Ops cleanup route"],"fullName":"Field Ops cleanup route returns 409 for partial cleanup failures","status":"passed","title":"returns 409 for partial cleanup failures","duration":22.559697000000142,"failureMessages":[],"meta":{}}],"startTime":1780915664569,"endTime":1780915664591.5598,"status":"passed","message":"","name":"/home/soloengine/Github/databricks-sword/src/app/api/field-ops/cleanup/[deploymentId]/__tests__/route.test.ts"},{"assertionResults":[{"ancestorTitles":["Field Ops complete route"],"fullName":"Field Ops complete route returns 400 when idempotency header is missing","status":"passed","title":"returns 400 when idempotency header is missing","duration":32.446276000000125,"failureMessages":[],"meta":{}},{"ancestorTitles":["Field Ops complete route"],"fullName":"Field Ops complete route requires latest-run validations to pass","status":"passed","title":"requires latest-run validations to pass","duration":4.9073309999998855,"failureMessages":[],"meta":{}},{"ancestorTitles":["Field Ops complete route"],"fullName":"Field Ops complete route returns alreadyAwarded=true when completion ledger exists","status":"passed","title":"returns alreadyAwarded=true when completion ledger exists","duration":6.726682999999866,"failureMessages":[],"meta":{}}],"startTime":1780915664611,"endTime":1780915664655.7266,"status":"passed","message":"","name":"/home/soloengine/Github/databricks-sword/src/app/api/field-ops/complete/[deploymentId]/__tests__/route.test.ts"},{"assertionResults":[{"ancestorTitles":["Field Ops status route"],"fullName":"Field Ops status route returns 401 when user is not authenticated","status":"passed","title":"returns 401 when user is not authenticated","duration":12.553855000000112,"failureMessages":[],"meta":{}},{"ancestorTitles":["Field Ops status route"],"fullName":"Field Ops status route returns 403 when deployment belongs to another user","status":"passed","title":"returns 403 when deployment belongs to another user","duration":8.464089000000058,"failureMessages":[],"meta":{}},{"ancestorTitles":["Field Ops status route"],"fullName":"Field Ops status route returns only latest validation run","status":"passed","title":"returns only latest validation run","duration":7.3165539999999964,"failureMessages":[],"meta":{}}],"startTime":1780915661786,"endTime":1780915661814.3167,"status":"passed","message":"","name":"/home/soloengine/Github/databricks-sword/src/app/api/field-ops/status/[deploymentId]/__tests__/route.test.ts"},{"assertionResults":[{"ancestorTitles":["Field Ops validate route"],"fullName":"Field Ops validate route returns runId and check keys on success","status":"passed","title":"returns runId and check keys on success","duration":29.592984000000342,"failureMessages":[],"meta":{}}],"startTime":1780915664485,"endTime":1780915664514.593,"status":"passed","message":"","name":"/home/soloengine/Github/databricks-sword/src/app/api/field-ops/validate/[deploymentId]/__tests__/route.test.ts"},{"assertionResults":[{"ancestorTitles":["Coupon redeem API route"],"fullName":"Coupon redeem API route returns 401 when not authenticated","status":"passed","title":"returns 401 when not authenticated","duration":26.171724999999697,"failureMessages":[],"meta":{}},{"ancestorTitles":["Coupon redeem API route"],"fullName":"Coupon redeem API route applies valid first redemption","status":"passed","title":"applies valid first redemption","duration":10.377867000000151,"failureMessages":[],"meta":{}},{"ancestorTitles":["Coupon redeem API route"],"fullName":"Coupon redeem API route returns already_redeemed for duplicate redemption","status":"passed","title":"returns already_redeemed for duplicate redemption","duration":3.521150000000034,"failureMessages":[],"meta":{}},{"ancestorTitles":["Coupon redeem API route"],"fullName":"Coupon redeem API route applies PREPRABBIT15000 for 15000 XP","status":"passed","title":"applies PREPRABBIT15000 for 15000 XP","duration":3.791291999999885,"failureMessages":[],"meta":{}},{"ancestorTitles":["Coupon redeem API route"],"fullName":"Coupon redeem API route returns invalid_code for unknown code","status":"passed","title":"returns invalid_code for unknown code","duration":4.032469000000219,"failureMessages":[],"meta":{}}],"startTime":1780915661739,"endTime":1780915661788.0325,"status":"passed","message":"","name":"/home/soloengine/Github/databricks-sword/src/app/api/user/coupon/redeem/__tests__/route.test.ts"},{"assertionResults":[{"ancestorTitles":["Stage page prop wiring"],"fullName":"Stage page prop wiring passes stage and mission reward context to StagePlayerClient","status":"passed","title":"passes stage and mission reward context to StagePlayerClient","duration":81.97890900000039,"failureMessages":[],"meta":{}}],"startTime":1780915657455,"endTime":1780915657536.979,"status":"passed","message":"","name":"/home/soloengine/Github/databricks-sword/src/app/missions/[id]/stage/[stageId]/__tests__/page.test.tsx"}]}